[debug] [2020-12-26T01:37:36.911Z] ----------------------------------------------------------------------
[debug] [2020-12-26T01:37:36.912Z] Command:       /opt/homebrew/Cellar/node/15.4.0/bin/node /opt/homebrew/bin/firebase init
[debug] [2020-12-26T01:37:36.912Z] CLI Version:   9.1.0
[debug] [2020-12-26T01:37:36.912Z] Platform:      darwin
[debug] [2020-12-26T01:37:36.912Z] Node Version:  v15.4.0
[debug] [2020-12-26T01:37:36.913Z] Time:          Fri Dec 25 2020 20:37:36 GMT-0500 (Eastern Standard Time)
[debug] [2020-12-26T01:37:36.913Z] ----------------------------------------------------------------------
[debug] [2020-12-26T01:37:36.913Z] 
[debug] [2020-12-26T01:37:36.915Z] > command requires scopes: ["email","openid","https://www.googleapis.com/auth/cloudplatformprojects.readonly","https://www.googleapis.com/auth/firebase","https://www.googleapis.com/auth/cloud-platform"]
[debug] [2020-12-26T01:37:36.915Z] > authorizing via signed-in user
[info] 
     ######## #### ########  ######## ########     ###     ######  ########
     ##        ##  ##     ## ##       ##     ##  ##   ##  ##       ##
     ######    ##  ########  ######   ########  #########  ######  ######
     ##        ##  ##    ##  ##       ##     ## ##     ##       ## ##
     ##       #### ##     ## ######## ########  ##     ##  ######  ########

You're about to initialize a Firebase project in this directory:

  /Users/hunterjarrell/Projects/chewie-peterson-com

[info] 
=== Project Setup
[info] 
[info] First, let's associate this project directory with a Firebase project.
[info] You can create multiple project aliases by running firebase use --add, 
[info] but for now we'll just set up a default project.
[info] 
[debug] [2020-12-26T01:37:41.699Z] > refreshing access token with scopes: ["email","https://www.googleapis.com/auth/cloud-platform","https://www.googleapis.com/auth/cloudplatformprojects.readonly","https://www.googleapis.com/auth/firebase","openid"]
[debug] [2020-12-26T01:37:41.700Z] >>> HTTP REQUEST POST https://www.googleapis.com/oauth2/v3/token  
 <request body omitted>
[debug] [2020-12-26T01:37:41.904Z] <<< HTTP RESPONSE 200 {"pragma":"no-cache","expires":"Mon, 01 Jan 1990 00:00:00 GMT","date":"Sat, 26 Dec 2020 01:37:41 GMT","cache-control":"no-cache, no-store, max-age=0, must-revalidate","content-type":"application/json; charset=utf-8","vary":"X-Origin, Referer, Origin,Accept-Encoding","server":"scaffolding on HTTPServer2","x-xss-protection":"0","x-frame-options":"SAMEORIGIN","x-content-type-options":"nosniff","alt-svc":"h3-29=\":443\"; ma=2592000,h3-T051=\":443\"; ma=2592000,h3-Q050=\":443\"; ma=2592000,h3-Q046=\":443\"; ma=2592000,h3-Q043=\":443\"; ma=2592000,quic=\":443\"; ma=2592000; v=\"46,43\"","accept-ranges":"none","transfer-encoding":"chunked"}
[debug] [2020-12-26T01:37:41.933Z] >>> HTTP REQUEST GET https://firebase.googleapis.com/v1beta1/projects?pageSize=100  
 
[debug] [2020-12-26T01:37:42.318Z] <<< HTTP RESPONSE 200 {"content-type":"application/json; charset=UTF-8","vary":"X-Origin, Referer, Origin,Accept-Encoding","date":"Sat, 26 Dec 2020 01:37:42 GMT","server":"ESF","cache-control":"private","x-xss-protection":"0","x-frame-options":"SAMEORIGIN","x-content-type-options":"nosniff","alt-svc":"h3-29=\":443\"; ma=2592000,h3-T051=\":443\"; ma=2592000,h3-Q050=\":443\"; ma=2592000,h3-Q046=\":443\"; ma=2592000,h3-Q043=\":443\"; ma=2592000,quic=\":443\"; ma=2592000; v=\"46,43\"","accept-ranges":"none","transfer-encoding":"chunked"}
[info] i  Using project chewie-peterson (chewie-peterson) 
[info] 
=== Hosting Setup
[info] 
[info] Your public directory is the folder (relative to your project directory) that
[info] will contain Hosting assets to be uploaded with firebase deploy. If you
[info] have a build process for your assets, use your build's output directory.
[info] 
[debug] [2020-12-26T01:38:04.594Z] >>> [apiv2][query] GET https://www.gstatic.com/firebasejs/releases.json [none]
[debug] [2020-12-26T01:38:04.769Z] <<< [apiv2][status] GET https://www.gstatic.com/firebasejs/releases.json 200
[debug] [2020-12-26T01:38:04.769Z] <<< [apiv2][body] GET https://www.gstatic.com/firebasejs/releases.json {"current":{"version":"8.2.1","browserURL":"https://www.gstatic.com/firebasejs/8.2.1/firebase.js","packageURL":"https://www.gstatic.com/firebasejs/8.2.1/firebase.tgz"},"live":{"version":"8.2","browserURL":"https://www.gstatic.com/firebasejs/live/8.2/firebase.js","packageURL":"https://www.gstatic.com/firebasejs/live/8.2/firebase.tgz"},"components":{"analytics":"https://www.gstatic.com/firebasejs/8.2.1/firebase-analytics.js","app":"https://www.gstatic.com/firebasejs/8.2.1/firebase-app.js","auth":"https://www.gstatic.com/firebasejs/8.2.1/firebase-auth.js","database":"https://www.gstatic.com/firebasejs/8.2.1/firebase-database.js","firestore":"https://www.gstatic.com/firebasejs/8.2.1/firebase-firestore.js","functions":"https://www.gstatic.com/firebasejs/8.2.1/firebase-functions.js","installations":"https://www.gstatic.com/firebasejs/8.2.1/firebase-installations.js","messaging":"https://www.gstatic.com/firebasejs/8.2.1/firebase-messaging.js","storage":"https://www.gstatic.com/firebasejs/8.2.1/firebase-storage.js","performance":"https://www.gstatic.com/firebasejs/8.2.1/firebase-performance.js","remote-config":"https://www.gstatic.com/firebasejs/8.2.1/firebase-remote-config.js","firestore.memory":"https://www.gstatic.com/firebasejs/8.2.1/firebase-firestore.memory.js"}}
[info] i  Skipping write of build/index.html 
[info] 
[info] i  Detected a .git folder at /Users/hunterjarrell/Projects/chewie-peterson-com 
[info] i  Authorizing with GitHub to upload your service account to a GitHub repository's secrets store. 
[info] 
[info] Visit this URL on this device to log in:
[info] https://github.com/login/oauth/authorize?client_id=89cf50f02ac6aaed3484&state=200842532&redirect_uri=http%3A%2F%2Flocalhost%3A9005&scope=read%3Auser%20repo%20public_repo
[info] 
[info] Waiting for authentication...
[debug] [2020-12-26T01:38:14.285Z] >>> HTTP REQUEST POST https://github.com/login/oauth/access_token  
 {"client_id":"89cf50f02ac6aaed3484","client_secret":"3330d14abc895d9a74d5f17cd7a00711fa2c5bf0","code":"5118c7e2d20073e3bf6d","redirect_uri":"http://localhost:9005","state":"200842532"}
[debug] [2020-12-26T01:38:14.556Z] <<< HTTP RESPONSE 200 {"server":"GitHub.com","date":"Sat, 26 Dec 2020 01:38:14 GMT","content-type":"application/json; charset=utf-8","transfer-encoding":"chunked","status":"200 OK","vary":"X-PJAX, Accept-Encoding, Accept, X-Requested-With","etag":"W/\"c4c6d6f6d3b23d21f9cf60ba3503f78d\"","cache-control":"max-age=0, private, must-revalidate","strict-transport-security":"max-age=31536000; includeSubdomains; preload","x-frame-options":"deny","x-content-type-options":"nosniff","x-xss-protection":"1; mode=block","referrer-policy":"origin-when-cross-origin, strict-origin-when-cross-origin","expect-ct":"max-age=2592000, report-uri=\"https://api.github.com/_private/browser/errors\"","content-security-policy":"default-src 'none'; base-uri 'self'; block-all-mixed-content; connect-src 'self' uploads.github.com www.githubstatus.com collector.githubapp.com api.github.com github-cloud.s3.amazonaws.com github-production-repository-file-5c1aeb.s3.amazonaws.com github-production-upload-manifest-file-7fdce7.s3.amazonaws.com github-production-user-asset-6210df.s3.amazonaws.com cdn.optimizely.com logx.optimizely.com/v1/events wss://alive.github.com; font-src github.githubassets.com; form-action 'self' github.com gist.github.com; frame-ancestors 'none'; frame-src render.githubusercontent.com; img-src 'self' data: github.githubassets.com identicons.github.com collector.githubapp.com github-cloud.s3.amazonaws.com *.githubusercontent.com; manifest-src 'self'; media-src 'none'; script-src github.githubassets.com; style-src 'unsafe-inline' github.githubassets.com; worker-src github.com/socket-worker-5029ae85.js gist.github.com/socket-worker-5029ae85.js","x-github-request-id":"D3DC:086C:54969B8:792A530:5FE69406"}
[debug] [2020-12-26T01:38:14.557Z] >>> [apiv2][query] GET https://api.github.com/user [none]
[debug] [2020-12-26T01:38:14.911Z] <<< [apiv2][status] GET https://api.github.com/user 200
[debug] [2020-12-26T01:38:14.911Z] <<< [apiv2][body] GET https://api.github.com/user {"login":"hjarrell","id":3639154,"node_id":"MDQ6VXNlcjM2MzkxNTQ=","avatar_url":"https://avatars0.githubusercontent.com/u/3639154?v=4","gravatar_id":"","url":"https://api.github.com/users/hjarrell","html_url":"https://github.com/hjarrell","followers_url":"https://api.github.com/users/hjarrell/followers","following_url":"https://api.github.com/users/hjarrell/following{/other_user}","gists_url":"https://api.github.com/users/hjarrell/gists{/gist_id}","starred_url":"https://api.github.com/users/hjarrell/starred{/owner}{/repo}","subscriptions_url":"https://api.github.com/users/hjarrell/subscriptions","organizations_url":"https://api.github.com/users/hjarrell/orgs","repos_url":"https://api.github.com/users/hjarrell/repos","events_url":"https://api.github.com/users/hjarrell/events{/privacy}","received_events_url":"https://api.github.com/users/hjarrell/received_events","type":"User","site_admin":false,"name":"Hunter Jarrell","company":"University of Florida","blog":"","location":"Florida","email":null,"hireable":null,"bio":"Senior studying computer science at the University of Florida","twitter_username":null,"public_repos":26,"public_gists":1,"followers":15,"following":11,"created_at":"2013-02-19T17:15:38Z","updated_at":"2020-12-26T01:38:14Z","private_gists":21,"total_private_repos":32,"owned_private_repos":26,"disk_usage":198303,"collaborators":8,"two_factor_authentication":true,"plan":{"name":"pro","space":976562499,"collaborators":0,"private_repos":9999}}
[info] 
[info] ✔  Success! Logged into GitHub as hjarrell 
[info] 
